2013/03/21 17:25:42 [error] [exception.CException] exception 'CException' with message 'Property "CUrlManager.scriptName" is not defined.' in /var/www/parallex/framework/base/CComponent.php:173
Stack trace:
#0 /var/www/parallex/framework/YiiBase.php(220): CComponent->__set('scriptName', false)
#1 /var/www/parallex/framework/base/CModule.php(386): YiiBase::createComponent(Array)
#2 /var/www/parallex/framework/base/CApplication.php(510): CModule->getComponent('urlManager')
#3 /var/www/parallex/framework/web/CWebApplication.php(140): CApplication->getUrlManager()
#4 /var/www/parallex/framework/base/CApplication.php(169): CWebApplication->processRequest()
#5 /var/www/parallex/paral/index.php(13): CApplication->run()
#6 {main}
REQUEST_URI=/parallex/paral/
---
2013/04/01 00:17:37 [error] [exception.CDbException] SQLSTATE[28000] [1045] Access denied for user 'mediaban_nex1tv'@'localhost' (using password: YES)
2013/04/01 00:17:37 [error] [exception.CDbException] exception 'CDbException' with message 'CDbConnection failed to open the DB connection.' in /var/www/parallex/framework/db/CDbConnection.php:387
Stack trace:
#0 /var/www/parallex/framework/db/CDbConnection.php(330): CDbConnection->open()
#1 /var/www/parallex/framework/db/CDbConnection.php(308): CDbConnection->setActive(true)
#2 /var/www/parallex/framework/base/CModule.php(387): CDbConnection->init()
#3 /var/www/parallex/framework/base/CApplication.php(438): CModule->getComponent('db')
#4 /var/www/parallex/framework/db/ar/CActiveRecord.php(623): CApplication->getDb()
#5 /var/www/parallex/framework/db/ar/CActiveRecord.php(2309): CActiveRecord->getDbConnection()
#6 /var/www/parallex/framework/db/ar/CActiveRecord.php(387): CActiveRecordMetaData->__construct(Object(ProgramDetail))
#7 /var/www/parallex/framework/db/ar/CActiveRecord.php(402): CActiveRecord::model('ProgramDetail')
#8 /var/www/parallex/framework/db/ar/CActiveRecord.php(77): CActiveRecord->getMetaData()
#9 /var/www/parallex/protected/controllers/SiteController.php(32): CActiveRecord->__construct()
#10 /var/www/parallex/framework/web/actions/CInlineAction.php(49): SiteController->actionIndex()
#11 /var/www/parallex/framework/web/CController.php(308): CInlineAction->runWithParams(Array)
#12 /var/www/parallex/framework/web/CController.php(286): CController->runAction(Object(CInlineAction))
#13 /var/www/parallex/framework/web/CController.php(265): CController->runActionWithFilters(Object(CInlineAction), Array)
#14 /var/www/parallex/framework/web/CWebApplication.php(282): CController->run('')
#15 /var/www/parallex/framework/web/CWebApplication.php(141): CWebApplication->runController('')
#16 /var/www/parallex/framework/base/CApplication.php(169): CWebApplication->processRequest()
#17 /var/www/parallex/index.php(13): CApplication->run()
#18 {main}
REQUEST_URI=/parallex/?search=hai
HTTP_REFERER=http://localhost/parallex/
---
